The system is: FreeBSD - 11.2-RELEASE-p4 - amd64
Compiling the C compiler identification source file "CMakeCCompilerId.c" succeeded.
Compiler: /usr/bin/cc 
Build flags: 
Id flags:  

The output was:
0


Compilation of the C compiler identification source "CMakeCCompilerId.c" produced "a.out"

The C compiler identification is Clang, found in "/home/cstephan/src/tryone144-compton/CMakeFiles/3.13.2/CompilerIdC/a.out"

Compiling the CXX compiler identification source file "CMakeCXXCompilerId.cpp" succeeded.
Compiler: /usr/bin/c++ 
Build flags: 
Id flags:  

The output was:
0


Compilation of the CXX compiler identification source "CMakeCXXCompilerId.cpp" produced "a.out"

The CXX compiler identification is Clang, found in "/home/cstephan/src/tryone144-compton/CMakeFiles/3.13.2/CompilerIdCXX/a.out"

Determining if the C compiler works passed with the following output:
Change Dir: /home/cstephan/src/tryone144-compton/CMakeFiles/CMakeTmp

Run Build Command:"/usr/bin/make" "cmTC_d28c9/fast"
/usr/bin/make -f CMakeFiles/cmTC_d28c9.dir/build.make CMakeFiles/cmTC_d28c9.dir/build
Building C object CMakeFiles/cmTC_d28c9.dir/testCCompiler.c.o
/usr/bin/cc    -o CMakeFiles/cmTC_d28c9.dir/testCCompiler.c.o   -c /home/cstephan/src/tryone144-compton/CMakeFiles/CMakeTmp/testCCompiler.c
Linking C executable cmTC_d28c9
/usr/local/bin/cmake -E cmake_link_script CMakeFiles/cmTC_d28c9.dir/link.txt --verbose=1
/usr/bin/cc      CMakeFiles/cmTC_d28c9.dir/testCCompiler.c.o  -o cmTC_d28c9 


Detecting C compiler ABI info compiled with the following output:
Change Dir: /home/cstephan/src/tryone144-compton/CMakeFiles/CMakeTmp

Run Build Command:"/usr/bin/make" "cmTC_74e64/fast"
/usr/bin/make -f CMakeFiles/cmTC_74e64.dir/build.make CMakeFiles/cmTC_74e64.dir/build
Building C object CMakeFiles/cmTC_74e64.dir/CMakeCCompilerABI.c.o
/usr/bin/cc    -o CMakeFiles/cmTC_74e64.dir/CMakeCCompilerABI.c.o   -c /usr/local/share/cmake/Modules/CMakeCCompilerABI.c
Linking C executable cmTC_74e64
/usr/local/bin/cmake -E cmake_link_script CMakeFiles/cmTC_74e64.dir/link.txt --verbose=1
/usr/bin/cc     -v CMakeFiles/cmTC_74e64.dir/CMakeCCompilerABI.c.o  -o cmTC_74e64 
FreeBSD clang version 6.0.0 (tags/RELEASE_600/final 326565) (based on LLVM 6.0.0)
Target: x86_64-unknown-freebsd11.2
Thread model: posix
InstalledDir: /usr/bin
 "/usr/bin/ld" --eh-frame-hdr -dynamic-linker /libexec/ld-elf.so.1 --hash-style=both --enable-new-dtags -o cmTC_74e64 /usr/lib/crt1.o /usr/lib/crti.o /usr/lib/crtbegin.o -L/usr/lib CMakeFiles/cmTC_74e64.dir/CMakeCCompilerABI.c.o -lgcc --as-needed -lgcc_s --no-as-needed -lc -lgcc --as-needed -lgcc_s --no-as-needed /usr/lib/crtend.o /usr/lib/crtn.o


Parsed C implicit link information from above output:
  link line regex: [^( *|.*[/\])(ld|CMAKE_LINK_STARTFILE-NOTFOUND|([^/\]+-)?ld|collect2)[^/\]*( |$)]
  ignore line: [Change Dir: /home/cstephan/src/tryone144-compton/CMakeFiles/CMakeTmp]
  ignore line: []
  ignore line: [Run Build Command:"/usr/bin/make" "cmTC_74e64/fast"]
  ignore line: [/usr/bin/make -f CMakeFiles/cmTC_74e64.dir/build.make CMakeFiles/cmTC_74e64.dir/build]
  ignore line: [Building C object CMakeFiles/cmTC_74e64.dir/CMakeCCompilerABI.c.o]
  ignore line: [/usr/bin/cc    -o CMakeFiles/cmTC_74e64.dir/CMakeCCompilerABI.c.o   -c /usr/local/share/cmake/Modules/CMakeCCompilerABI.c]
  ignore line: [Linking C executable cmTC_74e64]
  ignore line: [/usr/local/bin/cmake -E cmake_link_script CMakeFiles/cmTC_74e64.dir/link.txt --verbose=1]
  ignore line: [/usr/bin/cc     -v CMakeFiles/cmTC_74e64.dir/CMakeCCompilerABI.c.o  -o cmTC_74e64 ]
  ignore line: [FreeBSD clang version 6.0.0 (tags/RELEASE_600/final 326565) (based on LLVM 6.0.0)]
  ignore line: [Target: x86_64-unknown-freebsd11.2]
  ignore line: [Thread model: posix]
  ignore line: [InstalledDir: /usr/bin]
  link line: [ "/usr/bin/ld" --eh-frame-hdr -dynamic-linker /libexec/ld-elf.so.1 --hash-style=both --enable-new-dtags -o cmTC_74e64 /usr/lib/crt1.o /usr/lib/crti.o /usr/lib/crtbegin.o -L/usr/lib CMakeFiles/cmTC_74e64.dir/CMakeCCompilerABI.c.o -lgcc --as-needed -lgcc_s --no-as-needed -lc -lgcc --as-needed -lgcc_s --no-as-needed /usr/lib/crtend.o /usr/lib/crtn.o]
    arg [/usr/bin/ld] ==> ignore
    arg [--eh-frame-hdr] ==> ignore
    arg [-dynamic-linker] ==> ignore
    arg [/libexec/ld-elf.so.1] ==> ignore
    arg [--hash-style=both] ==> ignore
    arg [--enable-new-dtags] ==> ignore
    arg [-o] ==> ignore
    arg [cmTC_74e64] ==> ignore
    arg [/usr/lib/crt1.o] ==> ignore
    arg [/usr/lib/crti.o] ==> ignore
    arg [/usr/lib/crtbegin.o] ==> ignore
    arg [-L/usr/lib] ==> dir [/usr/lib]
    arg [CMakeFiles/cmTC_74e64.dir/CMakeCCompilerABI.c.o] ==> ignore
    arg [-lgcc] ==> lib [gcc]
    arg [--as-needed] ==> ignore
    arg [-lgcc_s] ==> lib [gcc_s]
    arg [--no-as-needed] ==> ignore
    arg [-lc] ==> lib [c]
    arg [-lgcc] ==> lib [gcc]
    arg [--as-needed] ==> ignore
    arg [-lgcc_s] ==> lib [gcc_s]
    arg [--no-as-needed] ==> ignore
    arg [/usr/lib/crtend.o] ==> ignore
    arg [/usr/lib/crtn.o] ==> ignore
  collapse library dir [/usr/lib] ==> [/usr/lib]
  implicit libs: [gcc;gcc_s;c;gcc;gcc_s]
  implicit dirs: [/usr/lib]
  implicit fwks: []




Detecting C [-std=c11] compiler features compiled with the following output:
Change Dir: /home/cstephan/src/tryone144-compton/CMakeFiles/CMakeTmp

Run Build Command:"/usr/bin/make" "cmTC_d0717/fast"
/usr/bin/make -f CMakeFiles/cmTC_d0717.dir/build.make CMakeFiles/cmTC_d0717.dir/build
Building C object CMakeFiles/cmTC_d0717.dir/feature_tests.c.o
/usr/bin/cc   -std=c11 -o CMakeFiles/cmTC_d0717.dir/feature_tests.c.o   -c /home/cstephan/src/tryone144-compton/CMakeFiles/feature_tests.c
Linking C executable cmTC_d0717
/usr/local/bin/cmake -E cmake_link_script CMakeFiles/cmTC_d0717.dir/link.txt --verbose=1
/usr/bin/cc      CMakeFiles/cmTC_d0717.dir/feature_tests.c.o  -o cmTC_d0717 


    Feature record: C_FEATURE:1c_function_prototypes
    Feature record: C_FEATURE:1c_restrict
    Feature record: C_FEATURE:1c_static_assert
    Feature record: C_FEATURE:1c_variadic_macros


Detecting C [-std=c99] compiler features compiled with the following output:
Change Dir: /home/cstephan/src/tryone144-compton/CMakeFiles/CMakeTmp

Run Build Command:"/usr/bin/make" "cmTC_8f651/fast"
/usr/bin/make -f CMakeFiles/cmTC_8f651.dir/build.make CMakeFiles/cmTC_8f651.dir/build
Building C object CMakeFiles/cmTC_8f651.dir/feature_tests.c.o
/usr/bin/cc   -std=c99 -o CMakeFiles/cmTC_8f651.dir/feature_tests.c.o   -c /home/cstephan/src/tryone144-compton/CMakeFiles/feature_tests.c
Linking C executable cmTC_8f651
/usr/local/bin/cmake -E cmake_link_script CMakeFiles/cmTC_8f651.dir/link.txt --verbose=1
/usr/bin/cc      CMakeFiles/cmTC_8f651.dir/feature_tests.c.o  -o cmTC_8f651 


    Feature record: C_FEATURE:1c_function_prototypes
    Feature record: C_FEATURE:1c_restrict
    Feature record: C_FEATURE:0c_static_assert
    Feature record: C_FEATURE:1c_variadic_macros


Detecting C [-std=c90] compiler features compiled with the following output:
Change Dir: /home/cstephan/src/tryone144-compton/CMakeFiles/CMakeTmp

Run Build Command:"/usr/bin/make" "cmTC_d1ef9/fast"
/usr/bin/make -f CMakeFiles/cmTC_d1ef9.dir/build.make CMakeFiles/cmTC_d1ef9.dir/build
Building C object CMakeFiles/cmTC_d1ef9.dir/feature_tests.c.o
/usr/bin/cc   -std=c90 -o CMakeFiles/cmTC_d1ef9.dir/feature_tests.c.o   -c /home/cstephan/src/tryone144-compton/CMakeFiles/feature_tests.c
Linking C executable cmTC_d1ef9
/usr/local/bin/cmake -E cmake_link_script CMakeFiles/cmTC_d1ef9.dir/link.txt --verbose=1
/usr/bin/cc      CMakeFiles/cmTC_d1ef9.dir/feature_tests.c.o  -o cmTC_d1ef9 


    Feature record: C_FEATURE:1c_function_prototypes
    Feature record: C_FEATURE:0c_restrict
    Feature record: C_FEATURE:0c_static_assert
    Feature record: C_FEATURE:0c_variadic_macros
Determining if the CXX compiler works passed with the following output:
Change Dir: /home/cstephan/src/tryone144-compton/CMakeFiles/CMakeTmp

Run Build Command:"/usr/bin/make" "cmTC_1bf45/fast"
/usr/bin/make -f CMakeFiles/cmTC_1bf45.dir/build.make CMakeFiles/cmTC_1bf45.dir/build
Building CXX object CMakeFiles/cmTC_1bf45.dir/testCXXCompiler.cxx.o
/usr/bin/c++     -o CMakeFiles/cmTC_1bf45.dir/testCXXCompiler.cxx.o -c /home/cstephan/src/tryone144-compton/CMakeFiles/CMakeTmp/testCXXCompiler.cxx
Linking CXX executable cmTC_1bf45
/usr/local/bin/cmake -E cmake_link_script CMakeFiles/cmTC_1bf45.dir/link.txt --verbose=1
/usr/bin/c++       CMakeFiles/cmTC_1bf45.dir/testCXXCompiler.cxx.o  -o cmTC_1bf45 


Detecting CXX compiler ABI info compiled with the following output:
Change Dir: /home/cstephan/src/tryone144-compton/CMakeFiles/CMakeTmp

Run Build Command:"/usr/bin/make" "cmTC_6da3f/fast"
/usr/bin/make -f CMakeFiles/cmTC_6da3f.dir/build.make CMakeFiles/cmTC_6da3f.dir/build
Building CXX object CMakeFiles/cmTC_6da3f.dir/CMakeCXXCompilerABI.cpp.o
/usr/bin/c++     -o CMakeFiles/cmTC_6da3f.dir/CMakeCXXCompilerABI.cpp.o -c /usr/local/share/cmake/Modules/CMakeCXXCompilerABI.cpp
Linking CXX executable cmTC_6da3f
/usr/local/bin/cmake -E cmake_link_script CMakeFiles/cmTC_6da3f.dir/link.txt --verbose=1
/usr/bin/c++      -v CMakeFiles/cmTC_6da3f.dir/CMakeCXXCompilerABI.cpp.o  -o cmTC_6da3f 
FreeBSD clang version 6.0.0 (tags/RELEASE_600/final 326565) (based on LLVM 6.0.0)
Target: x86_64-unknown-freebsd11.2
Thread model: posix
InstalledDir: /usr/bin
 "/usr/bin/ld" --eh-frame-hdr -dynamic-linker /libexec/ld-elf.so.1 --hash-style=both --enable-new-dtags -o cmTC_6da3f /usr/lib/crt1.o /usr/lib/crti.o /usr/lib/crtbegin.o -L/usr/lib CMakeFiles/cmTC_6da3f.dir/CMakeCXXCompilerABI.cpp.o -lc++ -lm -lgcc --as-needed -lgcc_s --no-as-needed -lc -lgcc --as-needed -lgcc_s --no-as-needed /usr/lib/crtend.o /usr/lib/crtn.o


Parsed CXX implicit link information from above output:
  link line regex: [^( *|.*[/\])(ld|CMAKE_LINK_STARTFILE-NOTFOUND|([^/\]+-)?ld|collect2)[^/\]*( |$)]
  ignore line: [Change Dir: /home/cstephan/src/tryone144-compton/CMakeFiles/CMakeTmp]
  ignore line: []
  ignore line: [Run Build Command:"/usr/bin/make" "cmTC_6da3f/fast"]
  ignore line: [/usr/bin/make -f CMakeFiles/cmTC_6da3f.dir/build.make CMakeFiles/cmTC_6da3f.dir/build]
  ignore line: [Building CXX object CMakeFiles/cmTC_6da3f.dir/CMakeCXXCompilerABI.cpp.o]
  ignore line: [/usr/bin/c++     -o CMakeFiles/cmTC_6da3f.dir/CMakeCXXCompilerABI.cpp.o -c /usr/local/share/cmake/Modules/CMakeCXXCompilerABI.cpp]
  ignore line: [Linking CXX executable cmTC_6da3f]
  ignore line: [/usr/local/bin/cmake -E cmake_link_script CMakeFiles/cmTC_6da3f.dir/link.txt --verbose=1]
  ignore line: [/usr/bin/c++      -v CMakeFiles/cmTC_6da3f.dir/CMakeCXXCompilerABI.cpp.o  -o cmTC_6da3f ]
  ignore line: [FreeBSD clang version 6.0.0 (tags/RELEASE_600/final 326565) (based on LLVM 6.0.0)]
  ignore line: [Target: x86_64-unknown-freebsd11.2]
  ignore line: [Thread model: posix]
  ignore line: [InstalledDir: /usr/bin]
  link line: [ "/usr/bin/ld" --eh-frame-hdr -dynamic-linker /libexec/ld-elf.so.1 --hash-style=both --enable-new-dtags -o cmTC_6da3f /usr/lib/crt1.o /usr/lib/crti.o /usr/lib/crtbegin.o -L/usr/lib CMakeFiles/cmTC_6da3f.dir/CMakeCXXCompilerABI.cpp.o -lc++ -lm -lgcc --as-needed -lgcc_s --no-as-needed -lc -lgcc --as-needed -lgcc_s --no-as-needed /usr/lib/crtend.o /usr/lib/crtn.o]
    arg [/usr/bin/ld] ==> ignore
    arg [--eh-frame-hdr] ==> ignore
    arg [-dynamic-linker] ==> ignore
    arg [/libexec/ld-elf.so.1] ==> ignore
    arg [--hash-style=both] ==> ignore
    arg [--enable-new-dtags] ==> ignore
    arg [-o] ==> ignore
    arg [cmTC_6da3f] ==> ignore
    arg [/usr/lib/crt1.o] ==> ignore
    arg [/usr/lib/crti.o] ==> ignore
    arg [/usr/lib/crtbegin.o] ==> ignore
    arg [-L/usr/lib] ==> dir [/usr/lib]
    arg [CMakeFiles/cmTC_6da3f.dir/CMakeCXXCompilerABI.cpp.o] ==> ignore
    arg [-lc++] ==> lib [c++]
    arg [-lm] ==> lib [m]
    arg [-lgcc] ==> lib [gcc]
    arg [--as-needed] ==> ignore
    arg [-lgcc_s] ==> lib [gcc_s]
    arg [--no-as-needed] ==> ignore
    arg [-lc] ==> lib [c]
    arg [-lgcc] ==> lib [gcc]
    arg [--as-needed] ==> ignore
    arg [-lgcc_s] ==> lib [gcc_s]
    arg [--no-as-needed] ==> ignore
    arg [/usr/lib/crtend.o] ==> ignore
    arg [/usr/lib/crtn.o] ==> ignore
  collapse library dir [/usr/lib] ==> [/usr/lib]
  implicit libs: [c++;m;gcc;gcc_s;c;gcc;gcc_s]
  implicit dirs: [/usr/lib]
  implicit fwks: []




Detecting CXX [-std=c++2a] compiler features compiled with the following output:
Change Dir: /home/cstephan/src/tryone144-compton/CMakeFiles/CMakeTmp

Run Build Command:"/usr/bin/make" "cmTC_e5a4b/fast"
/usr/bin/make -f CMakeFiles/cmTC_e5a4b.dir/build.make CMakeFiles/cmTC_e5a4b.dir/build
Building CXX object CMakeFiles/cmTC_e5a4b.dir/feature_tests.cxx.o
/usr/bin/c++    -std=c++2a -o CMakeFiles/cmTC_e5a4b.dir/feature_tests.cxx.o -c /home/cstephan/src/tryone144-compton/CMakeFiles/feature_tests.cxx
Linking CXX executable cmTC_e5a4b
/usr/local/bin/cmake -E cmake_link_script CMakeFiles/cmTC_e5a4b.dir/link.txt --verbose=1
/usr/bin/c++       CMakeFiles/cmTC_e5a4b.dir/feature_tests.cxx.o  -o cmTC_e5a4b 


    Feature record: CXX_FEATURE:1cxx_aggregate_default_initializers
    Feature record: CXX_FEATURE:1cxx_alias_templates
    Feature record: CXX_FEATURE:1cxx_alignas
    Feature record: CXX_FEATURE:1cxx_alignof
    Feature record: CXX_FEATURE:1cxx_attributes
    Feature record: CXX_FEATURE:1cxx_attribute_deprecated
    Feature record: CXX_FEATURE:1cxx_auto_type
    Feature record: CXX_FEATURE:1cxx_binary_literals
    Feature record: CXX_FEATURE:1cxx_constexpr
    Feature record: CXX_FEATURE:1cxx_contextual_conversions
    Feature record: CXX_FEATURE:1cxx_decltype
    Feature record: CXX_FEATURE:1cxx_decltype_auto
    Feature record: CXX_FEATURE:1cxx_decltype_incomplete_return_types
    Feature record: CXX_FEATURE:1cxx_default_function_template_args
    Feature record: CXX_FEATURE:1cxx_defaulted_functions
    Feature record: CXX_FEATURE:1cxx_defaulted_move_initializers
    Feature record: CXX_FEATURE:1cxx_delegating_constructors
    Feature record: CXX_FEATURE:1cxx_deleted_functions
    Feature record: CXX_FEATURE:1cxx_digit_separators
    Feature record: CXX_FEATURE:1cxx_enum_forward_declarations
    Feature record: CXX_FEATURE:1cxx_explicit_conversions
    Feature record: CXX_FEATURE:1cxx_extended_friend_declarations
    Feature record: CXX_FEATURE:1cxx_extern_templates
    Feature record: CXX_FEATURE:1cxx_final
    Feature record: CXX_FEATURE:1cxx_func_identifier
    Feature record: CXX_FEATURE:1cxx_generalized_initializers
    Feature record: CXX_FEATURE:1cxx_generic_lambdas
    Feature record: CXX_FEATURE:1cxx_inheriting_constructors
    Feature record: CXX_FEATURE:1cxx_inline_namespaces
    Feature record: CXX_FEATURE:1cxx_lambdas
    Feature record: CXX_FEATURE:1cxx_lambda_init_captures
    Feature record: CXX_FEATURE:1cxx_local_type_template_args
    Feature record: CXX_FEATURE:1cxx_long_long_type
    Feature record: CXX_FEATURE:1cxx_noexcept
    Feature record: CXX_FEATURE:1cxx_nonstatic_member_init
    Feature record: CXX_FEATURE:1cxx_nullptr
    Feature record: CXX_FEATURE:1cxx_override
    Feature record: CXX_FEATURE:1cxx_range_for
    Feature record: CXX_FEATURE:1cxx_raw_string_literals
    Feature record: CXX_FEATURE:1cxx_reference_qualified_functions
    Feature record: CXX_FEATURE:1cxx_relaxed_constexpr
    Feature record: CXX_FEATURE:1cxx_return_type_deduction
    Feature record: CXX_FEATURE:1cxx_right_angle_brackets
    Feature record: CXX_FEATURE:1cxx_rvalue_references
    Feature record: CXX_FEATURE:1cxx_sizeof_member
    Feature record: CXX_FEATURE:1cxx_static_assert
    Feature record: CXX_FEATURE:1cxx_strong_enums
    Feature record: CXX_FEATURE:1cxx_template_template_parameters
    Feature record: CXX_FEATURE:1cxx_thread_local
    Feature record: CXX_FEATURE:1cxx_trailing_return_types
    Feature record: CXX_FEATURE:1cxx_unicode_literals
    Feature record: CXX_FEATURE:1cxx_uniform_initialization
    Feature record: CXX_FEATURE:1cxx_unrestricted_unions
    Feature record: CXX_FEATURE:1cxx_user_literals
    Feature record: CXX_FEATURE:1cxx_variable_templates
    Feature record: CXX_FEATURE:1cxx_variadic_macros
    Feature record: CXX_FEATURE:1cxx_variadic_templates


Detecting CXX [-std=c++17] compiler features compiled with the following output:
Change Dir: /home/cstephan/src/tryone144-compton/CMakeFiles/CMakeTmp

Run Build Command:"/usr/bin/make" "cmTC_e94ae/fast"
/usr/bin/make -f CMakeFiles/cmTC_e94ae.dir/build.make CMakeFiles/cmTC_e94ae.dir/build
Building CXX object CMakeFiles/cmTC_e94ae.dir/feature_tests.cxx.o
/usr/bin/c++    -std=c++17 -o CMakeFiles/cmTC_e94ae.dir/feature_tests.cxx.o -c /home/cstephan/src/tryone144-compton/CMakeFiles/feature_tests.cxx
Linking CXX executable cmTC_e94ae
/usr/local/bin/cmake -E cmake_link_script CMakeFiles/cmTC_e94ae.dir/link.txt --verbose=1
/usr/bin/c++       CMakeFiles/cmTC_e94ae.dir/feature_tests.cxx.o  -o cmTC_e94ae 


    Feature record: CXX_FEATURE:1cxx_aggregate_default_initializers
    Feature record: CXX_FEATURE:1cxx_alias_templates
    Feature record: CXX_FEATURE:1cxx_alignas
    Feature record: CXX_FEATURE:1cxx_alignof
    Feature record: CXX_FEATURE:1cxx_attributes
    Feature record: CXX_FEATURE:1cxx_attribute_deprecated
    Feature record: CXX_FEATURE:1cxx_auto_type
    Feature record: CXX_FEATURE:1cxx_binary_literals
    Feature record: CXX_FEATURE:1cxx_constexpr
    Feature record: CXX_FEATURE:1cxx_contextual_conversions
    Feature record: CXX_FEATURE:1cxx_decltype
    Feature record: CXX_FEATURE:1cxx_decltype_auto
    Feature record: CXX_FEATURE:1cxx_decltype_incomplete_return_types
    Feature record: CXX_FEATURE:1cxx_default_function_template_args
    Feature record: CXX_FEATURE:1cxx_defaulted_functions
    Feature record: CXX_FEATURE:1cxx_defaulted_move_initializers
    Feature record: CXX_FEATURE:1cxx_delegating_constructors
    Feature record: CXX_FEATURE:1cxx_deleted_functions
    Feature record: CXX_FEATURE:1cxx_digit_separators
    Feature record: CXX_FEATURE:1cxx_enum_forward_declarations
    Feature record: CXX_FEATURE:1cxx_explicit_conversions
    Feature record: CXX_FEATURE:1cxx_extended_friend_declarations
    Feature record: CXX_FEATURE:1cxx_extern_templates
    Feature record: CXX_FEATURE:1cxx_final
    Feature record: CXX_FEATURE:1cxx_func_identifier
    Feature record: CXX_FEATURE:1cxx_generalized_initializers
    Feature record: CXX_FEATURE:1cxx_generic_lambdas
    Feature record: CXX_FEATURE:1cxx_inheriting_constructors
    Feature record: CXX_FEATURE:1cxx_inline_namespaces
    Feature record: CXX_FEATURE:1cxx_lambdas
    Feature record: CXX_FEATURE:1cxx_lambda_init_captures
    Feature record: CXX_FEATURE:1cxx_local_type_template_args
    Feature record: CXX_FEATURE:1cxx_long_long_type
    Feature record: CXX_FEATURE:1cxx_noexcept
    Feature record: CXX_FEATURE:1cxx_nonstatic_member_init
    Feature record: CXX_FEATURE:1cxx_nullptr
    Feature record: CXX_FEATURE:1cxx_override
    Feature record: CXX_FEATURE:1cxx_range_for
    Feature record: CXX_FEATURE:1cxx_raw_string_literals
    Feature record: CXX_FEATURE:1cxx_reference_qualified_functions
    Feature record: CXX_FEATURE:1cxx_relaxed_constexpr
    Feature record: CXX_FEATURE:1cxx_return_type_deduction
    Feature record: CXX_FEATURE:1cxx_right_angle_brackets
    Feature record: CXX_FEATURE:1cxx_rvalue_references
    Feature record: CXX_FEATURE:1cxx_sizeof_member
    Feature record: CXX_FEATURE:1cxx_static_assert
    Feature record: CXX_FEATURE:1cxx_strong_enums
    Feature record: CXX_FEATURE:1cxx_template_template_parameters
    Feature record: CXX_FEATURE:1cxx_thread_local
    Feature record: CXX_FEATURE:1cxx_trailing_return_types
    Feature record: CXX_FEATURE:1cxx_unicode_literals
    Feature record: CXX_FEATURE:1cxx_uniform_initialization
    Feature record: CXX_FEATURE:1cxx_unrestricted_unions
    Feature record: CXX_FEATURE:1cxx_user_literals
    Feature record: CXX_FEATURE:1cxx_variable_templates
    Feature record: CXX_FEATURE:1cxx_variadic_macros
    Feature record: CXX_FEATURE:1cxx_variadic_templates


Detecting CXX [-std=c++14] compiler features compiled with the following output:
Change Dir: /home/cstephan/src/tryone144-compton/CMakeFiles/CMakeTmp

Run Build Command:"/usr/bin/make" "cmTC_e63e1/fast"
/usr/bin/make -f CMakeFiles/cmTC_e63e1.dir/build.make CMakeFiles/cmTC_e63e1.dir/build
Building CXX object CMakeFiles/cmTC_e63e1.dir/feature_tests.cxx.o
/usr/bin/c++    -std=c++14 -o CMakeFiles/cmTC_e63e1.dir/feature_tests.cxx.o -c /home/cstephan/src/tryone144-compton/CMakeFiles/feature_tests.cxx
Linking CXX executable cmTC_e63e1
/usr/local/bin/cmake -E cmake_link_script CMakeFiles/cmTC_e63e1.dir/link.txt --verbose=1
/usr/bin/c++       CMakeFiles/cmTC_e63e1.dir/feature_tests.cxx.o  -o cmTC_e63e1 


    Feature record: CXX_FEATURE:1cxx_aggregate_default_initializers
    Feature record: CXX_FEATURE:1cxx_alias_templates
    Feature record: CXX_FEATURE:1cxx_alignas
    Feature record: CXX_FEATURE:1cxx_alignof
    Feature record: CXX_FEATURE:1cxx_attributes
    Feature record: CXX_FEATURE:1cxx_attribute_deprecated
    Feature record: CXX_FEATURE:1cxx_auto_type
    Feature record: CXX_FEATURE:1cxx_binary_literals
    Feature record: CXX_FEATURE:1cxx_constexpr
    Feature record: CXX_FEATURE:1cxx_contextual_conversions
    Feature record: CXX_FEATURE:1cxx_decltype
    Feature record: CXX_FEATURE:1cxx_decltype_auto
    Feature record: CXX_FEATURE:1cxx_decltype_incomplete_return_types
    Feature record: CXX_FEATURE:1cxx_default_function_template_args
    Feature record: CXX_FEATURE:1cxx_defaulted_functions
    Feature record: CXX_FEATURE:1cxx_defaulted_move_initializers
    Feature record: CXX_FEATURE:1cxx_delegating_constructors
    Feature record: CXX_FEATURE:1cxx_deleted_functions
    Feature record: CXX_FEATURE:1cxx_digit_separators
    Feature record: CXX_FEATURE:1cxx_enum_forward_declarations
    Feature record: CXX_FEATURE:1cxx_explicit_conversions
    Feature record: CXX_FEATURE:1cxx_extended_friend_declarations
    Feature record: CXX_FEATURE:1cxx_extern_templates
    Feature record: CXX_FEATURE:1cxx_final
    Feature record: CXX_FEATURE:1cxx_func_identifier
    Feature record: CXX_FEATURE:1cxx_generalized_initializers
    Feature record: CXX_FEATURE:1cxx_generic_lambdas
    Feature record: CXX_FEATURE:1cxx_inheriting_constructors
    Feature record: CXX_FEATURE:1cxx_inline_namespaces
    Feature record: CXX_FEATURE:1cxx_lambdas
    Feature record: CXX_FEATURE:1cxx_lambda_init_captures
    Feature record: CXX_FEATURE:1cxx_local_type_template_args
    Feature record: CXX_FEATURE:1cxx_long_long_type
    Feature record: CXX_FEATURE:1cxx_noexcept
    Feature record: CXX_FEATURE:1cxx_nonstatic_member_init
    Feature record: CXX_FEATURE:1cxx_nullptr
    Feature record: CXX_FEATURE:1cxx_override
    Feature record: CXX_FEATURE:1cxx_range_for
    Feature record: CXX_FEATURE:1cxx_raw_string_literals
    Feature record: CXX_FEATURE:1cxx_reference_qualified_functions
    Feature record: CXX_FEATURE:1cxx_relaxed_constexpr
    Feature record: CXX_FEATURE:1cxx_return_type_deduction
    Feature record: CXX_FEATURE:1cxx_right_angle_brackets
    Feature record: CXX_FEATURE:1cxx_rvalue_references
    Feature record: CXX_FEATURE:1cxx_sizeof_member
    Feature record: CXX_FEATURE:1cxx_static_assert
    Feature record: CXX_FEATURE:1cxx_strong_enums
    Feature record: CXX_FEATURE:1cxx_template_template_parameters
    Feature record: CXX_FEATURE:1cxx_thread_local
    Feature record: CXX_FEATURE:1cxx_trailing_return_types
    Feature record: CXX_FEATURE:1cxx_unicode_literals
    Feature record: CXX_FEATURE:1cxx_uniform_initialization
    Feature record: CXX_FEATURE:1cxx_unrestricted_unions
    Feature record: CXX_FEATURE:1cxx_user_literals
    Feature record: CXX_FEATURE:1cxx_variable_templates
    Feature record: CXX_FEATURE:1cxx_variadic_macros
    Feature record: CXX_FEATURE:1cxx_variadic_templates


Detecting CXX [-std=c++11] compiler features compiled with the following output:
Change Dir: /home/cstephan/src/tryone144-compton/CMakeFiles/CMakeTmp

Run Build Command:"/usr/bin/make" "cmTC_187b8/fast"
/usr/bin/make -f CMakeFiles/cmTC_187b8.dir/build.make CMakeFiles/cmTC_187b8.dir/build
Building CXX object CMakeFiles/cmTC_187b8.dir/feature_tests.cxx.o
/usr/bin/c++    -std=c++11 -o CMakeFiles/cmTC_187b8.dir/feature_tests.cxx.o -c /home/cstephan/src/tryone144-compton/CMakeFiles/feature_tests.cxx
Linking CXX executable cmTC_187b8
/usr/local/bin/cmake -E cmake_link_script CMakeFiles/cmTC_187b8.dir/link.txt --verbose=1
/usr/bin/c++       CMakeFiles/cmTC_187b8.dir/feature_tests.cxx.o  -o cmTC_187b8 


    Feature record: CXX_FEATURE:0cxx_aggregate_default_initializers
    Feature record: CXX_FEATURE:1cxx_alias_templates
    Feature record: CXX_FEATURE:1cxx_alignas
    Feature record: CXX_FEATURE:1cxx_alignof
    Feature record: CXX_FEATURE:1cxx_attributes
    Feature record: CXX_FEATURE:0cxx_attribute_deprecated
    Feature record: CXX_FEATURE:1cxx_auto_type
    Feature record: CXX_FEATURE:0cxx_binary_literals
    Feature record: CXX_FEATURE:1cxx_constexpr
    Feature record: CXX_FEATURE:0cxx_contextual_conversions
    Feature record: CXX_FEATURE:1cxx_decltype
    Feature record: CXX_FEATURE:0cxx_decltype_auto
    Feature record: CXX_FEATURE:1cxx_decltype_incomplete_return_types
    Feature record: CXX_FEATURE:1cxx_default_function_template_args
    Feature record: CXX_FEATURE:1cxx_defaulted_functions
    Feature record: CXX_FEATURE:1cxx_defaulted_move_initializers
    Feature record: CXX_FEATURE:1cxx_delegating_constructors
    Feature record: CXX_FEATURE:1cxx_deleted_functions
    Feature record: CXX_FEATURE:0cxx_digit_separators
    Feature record: CXX_FEATURE:1cxx_enum_forward_declarations
    Feature record: CXX_FEATURE:1cxx_explicit_conversions
    Feature record: CXX_FEATURE:1cxx_extended_friend_declarations
    Feature record: CXX_FEATURE:1cxx_extern_templates
    Feature record: CXX_FEATURE:1cxx_final
    Feature record: CXX_FEATURE:1cxx_func_identifier
    Feature record: CXX_FEATURE:1cxx_generalized_initializers
    Feature record: CXX_FEATURE:0cxx_generic_lambdas
    Feature record: CXX_FEATURE:1cxx_inheriting_constructors
    Feature record: CXX_FEATURE:1cxx_inline_namespaces
    Feature record: CXX_FEATURE:1cxx_lambdas
    Feature record: CXX_FEATURE:0cxx_lambda_init_captures
    Feature record: CXX_FEATURE:1cxx_local_type_template_args
    Feature record: CXX_FEATURE:1cxx_long_long_type
    Feature record: CXX_FEATURE:1cxx_noexcept
    Feature record: CXX_FEATURE:1cxx_nonstatic_member_init
    Feature record: CXX_FEATURE:1cxx_nullptr
    Feature record: CXX_FEATURE:1cxx_override
    Feature record: CXX_FEATURE:1cxx_range_for
    Feature record: CXX_FEATURE:1cxx_raw_string_literals
    Feature record: CXX_FEATURE:1cxx_reference_qualified_functions
    Feature record: CXX_FEATURE:0cxx_relaxed_constexpr
    Feature record: CXX_FEATURE:0cxx_return_type_deduction
    Feature record: CXX_FEATURE:1cxx_right_angle_brackets
    Feature record: CXX_FEATURE:1cxx_rvalue_references
    Feature record: CXX_FEATURE:1cxx_sizeof_member
    Feature record: CXX_FEATURE:1cxx_static_assert
    Feature record: CXX_FEATURE:1cxx_strong_enums
    Feature record: CXX_FEATURE:1cxx_template_template_parameters
    Feature record: CXX_FEATURE:1cxx_thread_local
    Feature record: CXX_FEATURE:1cxx_trailing_return_types
    Feature record: CXX_FEATURE:1cxx_unicode_literals
    Feature record: CXX_FEATURE:1cxx_uniform_initialization
    Feature record: CXX_FEATURE:1cxx_unrestricted_unions
    Feature record: CXX_FEATURE:1cxx_user_literals
    Feature record: CXX_FEATURE:0cxx_variable_templates
    Feature record: CXX_FEATURE:1cxx_variadic_macros
    Feature record: CXX_FEATURE:1cxx_variadic_templates


Detecting CXX [-std=c++98] compiler features compiled with the following output:
Change Dir: /home/cstephan/src/tryone144-compton/CMakeFiles/CMakeTmp

Run Build Command:"/usr/bin/make" "cmTC_2b8f2/fast"
/usr/bin/make -f CMakeFiles/cmTC_2b8f2.dir/build.make CMakeFiles/cmTC_2b8f2.dir/build
Building CXX object CMakeFiles/cmTC_2b8f2.dir/feature_tests.cxx.o
/usr/bin/c++    -std=c++98 -o CMakeFiles/cmTC_2b8f2.dir/feature_tests.cxx.o -c /home/cstephan/src/tryone144-compton/CMakeFiles/feature_tests.cxx
Linking CXX executable cmTC_2b8f2
/usr/local/bin/cmake -E cmake_link_script CMakeFiles/cmTC_2b8f2.dir/link.txt --verbose=1
/usr/bin/c++       CMakeFiles/cmTC_2b8f2.dir/feature_tests.cxx.o  -o cmTC_2b8f2 


    Feature record: CXX_FEATURE:0cxx_aggregate_default_initializers
    Feature record: CXX_FEATURE:0cxx_alias_templates
    Feature record: CXX_FEATURE:0cxx_alignas
    Feature record: CXX_FEATURE:0cxx_alignof
    Feature record: CXX_FEATURE:0cxx_attributes
    Feature record: CXX_FEATURE:0cxx_attribute_deprecated
    Feature record: CXX_FEATURE:0cxx_auto_type
    Feature record: CXX_FEATURE:0cxx_binary_literals
    Feature record: CXX_FEATURE:0cxx_constexpr
    Feature record: CXX_FEATURE:0cxx_contextual_conversions
    Feature record: CXX_FEATURE:0cxx_decltype
    Feature record: CXX_FEATURE:0cxx_decltype_auto
    Feature record: CXX_FEATURE:0cxx_decltype_incomplete_return_types
    Feature record: CXX_FEATURE:0cxx_default_function_template_args
    Feature record: CXX_FEATURE:0cxx_defaulted_functions
    Feature record: CXX_FEATURE:0cxx_defaulted_move_initializers
    Feature record: CXX_FEATURE:0cxx_delegating_constructors
    Feature record: CXX_FEATURE:0cxx_deleted_functions
    Feature record: CXX_FEATURE:0cxx_digit_separators
    Feature record: CXX_FEATURE:0cxx_enum_forward_declarations
    Feature record: CXX_FEATURE:0cxx_explicit_conversions
    Feature record: CXX_FEATURE:0cxx_extended_friend_declarations
    Feature record: CXX_FEATURE:0cxx_extern_templates
    Feature record: CXX_FEATURE:0cxx_final
    Feature record: CXX_FEATURE:0cxx_func_identifier
    Feature record: CXX_FEATURE:0cxx_generalized_initializers
    Feature record: CXX_FEATURE:0cxx_generic_lambdas
    Feature record: CXX_FEATURE:0cxx_inheriting_constructors
    Feature record: CXX_FEATURE:0cxx_inline_namespaces
    Feature record: CXX_FEATURE:0cxx_lambdas
    Feature record: CXX_FEATURE:0cxx_lambda_init_captures
    Feature record: CXX_FEATURE:0cxx_local_type_template_args
    Feature record: CXX_FEATURE:0cxx_long_long_type
    Feature record: CXX_FEATURE:0cxx_noexcept
    Feature record: CXX_FEATURE:0cxx_nonstatic_member_init
    Feature record: CXX_FEATURE:0cxx_nullptr
    Feature record: CXX_FEATURE:0cxx_override
    Feature record: CXX_FEATURE:0cxx_range_for
    Feature record: CXX_FEATURE:0cxx_raw_string_literals
    Feature record: CXX_FEATURE:0cxx_reference_qualified_functions
    Feature record: CXX_FEATURE:0cxx_relaxed_constexpr
    Feature record: CXX_FEATURE:0cxx_return_type_deduction
    Feature record: CXX_FEATURE:0cxx_right_angle_brackets
    Feature record: CXX_FEATURE:0cxx_rvalue_references
    Feature record: CXX_FEATURE:0cxx_sizeof_member
    Feature record: CXX_FEATURE:0cxx_static_assert
    Feature record: CXX_FEATURE:0cxx_strong_enums
    Feature record: CXX_FEATURE:1cxx_template_template_parameters
    Feature record: CXX_FEATURE:0cxx_thread_local
    Feature record: CXX_FEATURE:0cxx_trailing_return_types
    Feature record: CXX_FEATURE:0cxx_unicode_literals
    Feature record: CXX_FEATURE:0cxx_uniform_initialization
    Feature record: CXX_FEATURE:0cxx_unrestricted_unions
    Feature record: CXX_FEATURE:0cxx_user_literals
    Feature record: CXX_FEATURE:0cxx_variable_templates
    Feature record: CXX_FEATURE:0cxx_variadic_macros
    Feature record: CXX_FEATURE:0cxx_variadic_templates
Determining if the function XOpenDisplay exists in the /usr/local/lib/libX11.so;/usr/local/lib/libXext.so passed with the following output:
Change Dir: /home/cstephan/src/tryone144-compton/CMakeFiles/CMakeTmp

Run Build Command:"/usr/bin/make" "cmTC_ab704/fast"
/usr/bin/make -f CMakeFiles/cmTC_ab704.dir/build.make CMakeFiles/cmTC_ab704.dir/build
Building C object CMakeFiles/cmTC_ab704.dir/CheckFunctionExists.c.o
/usr/bin/cc   -DCHECK_FUNCTION_EXISTS=XOpenDisplay -o CMakeFiles/cmTC_ab704.dir/CheckFunctionExists.c.o   -c /usr/local/share/cmake/Modules/CheckFunctionExists.c
Linking C executable cmTC_ab704
/usr/local/bin/cmake -E cmake_link_script CMakeFiles/cmTC_ab704.dir/link.txt --verbose=1
/usr/bin/cc  -DCHECK_FUNCTION_EXISTS=XOpenDisplay    CMakeFiles/cmTC_ab704.dir/CheckFunctionExists.c.o  -o cmTC_ab704  -L/usr/local/lib -Wl,-rpath,/usr/local/lib /usr/local/lib/libX11.so /usr/local/lib/libXext.so 


Determining if the function gethostbyname exists passed with the following output:
Change Dir: /home/cstephan/src/tryone144-compton/CMakeFiles/CMakeTmp

Run Build Command:"/usr/bin/make" "cmTC_4b4ad/fast"
/usr/bin/make -f CMakeFiles/cmTC_4b4ad.dir/build.make CMakeFiles/cmTC_4b4ad.dir/build
Building C object CMakeFiles/cmTC_4b4ad.dir/CheckFunctionExists.c.o
/usr/bin/cc   -DCHECK_FUNCTION_EXISTS=gethostbyname -o CMakeFiles/cmTC_4b4ad.dir/CheckFunctionExists.c.o   -c /usr/local/share/cmake/Modules/CheckFunctionExists.c
Linking C executable cmTC_4b4ad
/usr/local/bin/cmake -E cmake_link_script CMakeFiles/cmTC_4b4ad.dir/link.txt --verbose=1
/usr/bin/cc  -DCHECK_FUNCTION_EXISTS=gethostbyname    CMakeFiles/cmTC_4b4ad.dir/CheckFunctionExists.c.o  -o cmTC_4b4ad 


Determining if the function connect exists passed with the following output:
Change Dir: /home/cstephan/src/tryone144-compton/CMakeFiles/CMakeTmp

Run Build Command:"/usr/bin/make" "cmTC_c5b00/fast"
/usr/bin/make -f CMakeFiles/cmTC_c5b00.dir/build.make CMakeFiles/cmTC_c5b00.dir/build
Building C object CMakeFiles/cmTC_c5b00.dir/CheckFunctionExists.c.o
/usr/bin/cc   -DCHECK_FUNCTION_EXISTS=connect -o CMakeFiles/cmTC_c5b00.dir/CheckFunctionExists.c.o   -c /usr/local/share/cmake/Modules/CheckFunctionExists.c
Linking C executable cmTC_c5b00
/usr/local/bin/cmake -E cmake_link_script CMakeFiles/cmTC_c5b00.dir/link.txt --verbose=1
/usr/bin/cc  -DCHECK_FUNCTION_EXISTS=connect    CMakeFiles/cmTC_c5b00.dir/CheckFunctionExists.c.o  -o cmTC_c5b00 


Determining if the function remove exists passed with the following output:
Change Dir: /home/cstephan/src/tryone144-compton/CMakeFiles/CMakeTmp

Run Build Command:"/usr/bin/make" "cmTC_ebdcc/fast"
/usr/bin/make -f CMakeFiles/cmTC_ebdcc.dir/build.make CMakeFiles/cmTC_ebdcc.dir/build
Building C object CMakeFiles/cmTC_ebdcc.dir/CheckFunctionExists.c.o
/usr/bin/cc   -DCHECK_FUNCTION_EXISTS=remove -o CMakeFiles/cmTC_ebdcc.dir/CheckFunctionExists.c.o   -c /usr/local/share/cmake/Modules/CheckFunctionExists.c
Linking C executable cmTC_ebdcc
/usr/local/bin/cmake -E cmake_link_script CMakeFiles/cmTC_ebdcc.dir/link.txt --verbose=1
/usr/bin/cc  -DCHECK_FUNCTION_EXISTS=remove    CMakeFiles/cmTC_ebdcc.dir/CheckFunctionExists.c.o  -o cmTC_ebdcc 


Determining if the function shmat exists passed with the following output:
Change Dir: /home/cstephan/src/tryone144-compton/CMakeFiles/CMakeTmp

Run Build Command:"/usr/bin/make" "cmTC_6d6e7/fast"
/usr/bin/make -f CMakeFiles/cmTC_6d6e7.dir/build.make CMakeFiles/cmTC_6d6e7.dir/build
Building C object CMakeFiles/cmTC_6d6e7.dir/CheckFunctionExists.c.o
/usr/bin/cc   -DCHECK_FUNCTION_EXISTS=shmat -o CMakeFiles/cmTC_6d6e7.dir/CheckFunctionExists.c.o   -c /usr/local/share/cmake/Modules/CheckFunctionExists.c
Linking C executable cmTC_6d6e7
/usr/local/bin/cmake -E cmake_link_script CMakeFiles/cmTC_6d6e7.dir/link.txt --verbose=1
/usr/bin/cc  -DCHECK_FUNCTION_EXISTS=shmat    CMakeFiles/cmTC_6d6e7.dir/CheckFunctionExists.c.o  -o cmTC_6d6e7 


Determining if the function IceConnectionNumber exists in the ICE passed with the following output:
Change Dir: /home/cstephan/src/tryone144-compton/CMakeFiles/CMakeTmp

Run Build Command:"/usr/bin/make" "cmTC_85a4d/fast"
/usr/bin/make -f CMakeFiles/cmTC_85a4d.dir/build.make CMakeFiles/cmTC_85a4d.dir/build
Building C object CMakeFiles/cmTC_85a4d.dir/CheckFunctionExists.c.o
/usr/bin/cc   -DCHECK_FUNCTION_EXISTS=IceConnectionNumber -o CMakeFiles/cmTC_85a4d.dir/CheckFunctionExists.c.o   -c /usr/local/share/cmake/Modules/CheckFunctionExists.c
Linking C executable cmTC_85a4d
/usr/local/bin/cmake -E cmake_link_script CMakeFiles/cmTC_85a4d.dir/link.txt --verbose=1
/usr/bin/cc  -DCHECK_FUNCTION_EXISTS=IceConnectionNumber    CMakeFiles/cmTC_85a4d.dir/CheckFunctionExists.c.o  -o cmTC_85a4d  -L/usr/local/lib -Wl,-rpath,/usr/local/lib -lICE 


